<?xml version="1.0" encoding="UTF-8"?>
<!-- Generated by org.testng.reporters.JUnitXMLReporter -->
<testsuite ignored="1" hostname="LAPTOP-736EDNM6" failures="0" tests="1" name="Default test" time="14.791" errors="0" timestamp="2025-07-06T12:32:44 GMT-04:00">
  <testcase classname="com.Selenium.qa.testcases.StrainsListTest" name="TestDeleteStrain" time="4.553"/>
  <testcase classname="com.Selenium.qa.testcases.StrainsListTest" name="testEditStrain" time="0.0">
    <ignored/>
  </testcase> <!-- testEditStrain -->
</testsuite> <!-- Default test -->
