<?xml version="1.0" encoding="UTF-8"?>
<!-- Generated by org.testng.reporters.JUnitXMLReporter -->
<testsuite ignored="0" hostname="LAPTOP-736EDNM6" failures="0" tests="7" name="SoftMouse Test Cases" time="95.719" errors="0" timestamp="2025-07-06T12:40:17 GMT-04:00">
  <testcase classname="com.Selenium.qa.testcases.LoginPageTest" name="LoginPagetest" time="1.278"/>
  <testcase classname="com.Selenium.qa.testcases.CreateNewStrainTest" name="testCreateANewStrain" time="6.136"/>
  <testcase classname="com.Selenium.qa.testcases.CreateNewStrainTest" name="testCreateANewStrain" time="5.335"/>
  <testcase classname="com.Selenium.qa.testcases.CreateNewStrainTest" name="testCreateANewStrain" time="5.567"/>
  <testcase classname="com.Selenium.qa.testcases.CreateNewStrainTest" name="NegativetestCreateANewStrain" time="5.611"/>
  <testcase classname="com.Selenium.qa.testcases.StrainsListTest" name="testEditStrain" time="8.041"/>
  <testcase classname="com.Selenium.qa.testcases.StrainsListTest" name="TestDeleteStrain" time="4.869"/>
</testsuite> <!-- SoftMouse Test Cases -->
